Initializing document watcher...
gbdfrontend/src/pages/home/index.js: {}
gbdfrontend/src/components/menu.js: {}
gbdfrontend/src/components/menu.js: {}
gbdfrontend/src/components/menu.js: {}
gbdfrontend/src/pages/home/index.js: {}
gbdfrontend/src/components/menu.js: {}
gbdfrontend/src/components/menu.js: {}
gbdfrontend/src/components/containerFIle.js: {}
gbdfrontend/src/components/containeFIle.js: {}
gbdfrontend/src/components/contReadFIle.js: {}
gbdfrontend/src/components/menu.js: {}
gbdfrontend/src/components/contReadFIle.js: {}
gbdfrontend/src/components/contReadFIle.js: {}
gbdfrontend/src/pages/home/index.js: {}
gbdfrontend/src/App.js: {}
gbdfrontend/src/pages/home/index.js: {}
gbdfrontend/src/App.js: {}
gbdfrontend/src/pages/home/index.js: {}
gbdfrontend/src/App.js: {}
gbdfrontend/src/pages/home/index.js: {}
gbdfrontend/src/pages/home/index.js: {}
gbdfrontend/src/pages/home/index.js: {}
gbdfrontend/src/pages/home/index.js: {}
gbdfrontend/src/pages/home/index.js: Using EditorConfig core...
gbdfrontend/src/pages/home/index.js: Using EditorConfig core...
gbdfrontend/src/App.js: {}
gbdfrontend/src/components/menu.js: {}
gbdfrontend/src/components/contReadFIle.js: {}
gbdfrontend/src/pages/home/index.js: {}
gbdfrontend/src/pages/home/index.js: Using EditorConfig core...
gbdfrontend/src/App.js: {}
gbdfrontend/src/App.js: Using EditorConfig core...
gbdfrontend/src/App.js: Using EditorConfig core...
gbdfrontend/src/App.js: {}
gbdfrontend/src/App.js: {}
gbdfrontend/src/App.js: {}
gbdfrontend/src/pages/home/index.js: {}
gbdfrontend/src/App.js: {}
gbdfrontend/src/pages/home/index.js: {}
gbdfrontend/src/App.js: {}
gbdfrontend/src/App.js: Using EditorConfig core...
gbdfrontend/src/App.js: {}
gbdfrontend/src/App.js: {}
gbdfrontend/src/App.js: {}
gbdfrontend/src/App.js: {}
gbdfrontend/src/components/routing.js: {}
gbdfrontend/src/components/routing.js: {}
gbdfrontend/src/components/routing.js: {}
gbdfrontend/src/pages/home/index.js: {}
gbdfrontend/src/components/routing.js: {}
gbdfrontend/src/components/routing.js: {}
gbdfrontend/src/components/routing.js: {}
gbdfrontend/src/components/routing.js: {}
gbdfrontend/src/components/routing.js: {}
gbdfrontend/src/App.js: {}
gbdfrontend/src/pages/home/index.js: {}
gbdfrontend/src/components/routing.js: {}
gbdfrontend/src/components/routing.js: {}
gbdfrontend/src/components/routing.js: {}
gbdfrontend/src/components/routing.js: Using EditorConfig core...
gbdfrontend/src/App.js: {}
gbdfrontend/src/App.js: Using EditorConfig core...
gbdfrontend/src/components/routing.js: {}
gbdfrontend/src/components/routing.js: Using EditorConfig core...
gbdfrontend/src/components/routing.js: {}
gbdfrontend/src/components/routing.js: {}
gbdfrontend/src/components/routing.js: {}
gbdfrontend/src/components/routing.js: Using EditorConfig core...
gbdfrontend/src/components/routing.js: {}
gbdfrontend/src/components/routing.js: {}
gbdfrontend/src/components/routing.js: {}
gbdfrontend/src/components/routing.js: {}
gbdfrontend/src/components/routing.js: Using EditorConfig core...
gbdfrontend/src/components/routing.js: {}
gbdfrontend/src/components/routing.js: {}
gbdfrontend/src/components/routing.js: Using EditorConfig core...
gbdfrontend/src/components/routing.js: {}
gbdfrontend/src/components/menu.js: {}
gbdfrontend/src/components/routing.js: {}
gbdfrontend/src/components/routing.js: {}
gbdfrontend/src/components/routing.js: Using EditorConfig core...
gbdfrontend/src/components/routing.js: {}
gbdfrontend/src/components/routing.js: {}
gbdfrontend/src/components/routing.js: {}
gbdfrontend/src/components/routing.js: {}
gbdfrontend/src/components/routing.js: Using EditorConfig core...
gbdfrontend/src/components/routing.js: {}
gbdfrontend/src/components/routing.js: {}
gbdfrontend/src/components/routing.js: Using EditorConfig core...
gbdfrontend/src/components/routing.js: {}
gbdfrontend/src/components/routing.js: Using EditorConfig core...
gbdfrontend/src/components/routing.js: Using EditorConfig core...
gbdfrontend/src/components/routing.js: {}
gbdfrontend/src/components/routing.js: {}
gbdfrontend/src/components/routing.js: {}
gbdfrontend/src/components/routing.js: Using EditorConfig core...
gbdfrontend/src/components/routing.js: {}
gbdfrontend/src/components/routing.js: {}
gbdfrontend/src/components/routing.js: Using EditorConfig core...
gbdfrontend/src/components/routing.js: {}
gbdfrontend/src/components/routing.js: {}
gbdfrontend/src/components/routing.js: {}
gbdfrontend/src/components/routing.js: {}
gbdfrontend/src/components/routing.js: {}
gbdfrontend/src/components/routing.js: {}
gbdfrontend/src/components/routing.js: {}
gbdfrontend/src/components/routing.js: Using EditorConfig core...
gbdfrontend/src/components/routing.js: {}
gbdfrontend/src/components/routing.js: Using EditorConfig core...
gbdfrontend/src/components/routing.js: {}
gbdfrontend/src/components/contReadFIle.js: {}
gbdfrontend/src/components/menu.js: {}
gbdfrontend/src/components/contReadFIle.js: {}
gbdfrontend/src/components/menu.js: {}
gbdfrontend/src/components/routing.js: {}
gbdfrontend/src/pages/home/index.js: {}
gbdfrontend/src/components/contReadFIle.js: {}
gbdfrontend/src/components/contReadFIle.js: Using EditorConfig core...
gbdfrontend/src/components/routing.js: {}
gbdfrontend/src/components/contReadFIle.js: {}
gbdfrontend/src/components/contReadFIle.js: {}
gbdfrontend/src/components/routing.js: {}
gbdfrontend/src/components/contReadFIle.js: {}
gbdfrontend/src/components/routing.js: {}
gbdfrontend/src/pages/confMenu/index.js: {}
gbdfrontend/src/pages/confMenu/index.js: Using EditorConfig core...
gbdfrontend/src/components/routing.js: {}
gbdfrontend/src/components/routing.js: Using EditorConfig core...
gbdfrontend/src/components/menu.js: {}
gbdfrontend/src/pages/confMenu/index.js: {}
gbdfrontend/src/components/routing.js: {}
gbdfrontend/src/components/routing.js: Using EditorConfig core...
gbdfrontend/src/components/routing.js: {}
gbdfrontend/src/components/routing.js: {}
gbdfrontend/src/components/routing.js: {}
gbdfrontend/src/components/routing.js: {}
gbdfrontend/src/components/routing.js: Using EditorConfig core...
gbdfrontend/src/components/routing.js: {}
gbdfrontend/src/components/routing.js: Using EditorConfig core...
gbdfrontend/src/components/routing.js: {}
gbdfrontend/src/components/routing.js: Using EditorConfig core...
gbdfrontend/src/components/routing.js: Using EditorConfig core...
gbdfrontend/src/components/routing.js: {}
gbdfrontend/src/components/menu.js: {}
gbdfrontend/src/pages/home/index.js: {}
gbdfrontend/src/components/menu.js: {}
gbdfrontend/src/components/menu.js: Using EditorConfig core...
gbdfrontend/src/components/menu.js: {}
gbdfrontend/src/components/menu.js: {}
gbdfrontend/src/components/menu.js: {}
gbdfrontend/src/App.js: {}
gbdfrontend/src/App.js: Using EditorConfig core...
gbdfrontend/src/App.js: {}
gbdfrontend/src/pages/confMenu/index.js: {}
gbdfrontend/src/components/menu.js: {}
gbdfrontend/src/components/menu.js: {}
gbdfrontend/src/components/menu.js: {}
gbdfrontend/src/components/menu.js: {}
gbdfrontend/src/components/menu.js: {}
gbdfrontend/src/components/menu.js: {}
gbdfrontend/src/components/menu.js: Using EditorConfig core...
gbdfrontend/src/components/menu.js: Using EditorConfig core...
gbdfrontend/src/components/menu.js: Using EditorConfig core...
gbdfrontend/src/components/menu.js: {}
gbdfrontend/src/components/menu.js: {}
gbdfrontend/src/components/menu.js: {}
gbdfrontend/src/components/menu.js: {}
gbdfrontend/src/pages/home/index.js: {}
gbdfrontend/src/pages/home/index.js: Using EditorConfig core...
gbdfrontend/src/components/menu.js: {}
gbdfrontend/src/App.js: {}
gbdfrontend/src/pages/home/index.js: {}
gbdfrontend/src/App.js: {}
gbdfrontend/src/pages/home/index.js: {}
gbdfrontend/src/pages/home/index.js: Using EditorConfig core...
gbdfrontend/src/pages/home/index.js: {}
gbdfrontend/src/pages/home/index.js: {}
gbdfrontend/src/pages/home/index.js: {}
gbdfrontend/src/pages/home/index.js: {}
gbdfrontend/src/pages/home/index.js: {}
gbdfrontend/src/pages/home/index.js: {}
gbdfrontend/src/pages/home/index.js: {}
gbdfrontend/src/pages/home/index.js: {}
gbdfrontend/src/App.js: {}
gbdfrontend/src/components/routing.js: {}
gbdfrontend/src/pages/confMenu/index.js: {}
gbdfrontend/src/pages/home/index.js: {}
gbdfrontend/src/App.js: {}
gbdfrontend/src/components/routing.js: {}
gbdfrontend/src/pages/confMenu/index.js: {}
gbdfrontend/src/components/menu.js: {}
gbdfrontend/src/components/menu.js: Using EditorConfig core...
gbdfrontend/src/components/menu.js: {}
gbdfrontend/src/components/menu.js: Using EditorConfig core...
gbdfrontend/src/components/menu.js: {}
gbdfrontend/src/components/menu.js: Using EditorConfig core...
gbdfrontend/src/components/menu.js: {}
gbdfrontend/src/components/menu.js: {}
gbdfrontend/src/components/menu.js: {}
gbdfrontend/src/components/menu.js: Using EditorConfig core...
gbdfrontend/src/App.css: {}
gbdfrontend/src/App.js: {}
gbdfrontend/src/components/menu.js: {}
gbdfrontend/src/components/menu.js: Using EditorConfig core...
gbdfrontend/src/App.css: {}
gbdfrontend/src/App.css: {}
gbdfrontend/src/App.css: Using EditorConfig core...
gbdfrontend/src/App.css: {}
gbdfrontend/src/App.css: {}
gbdfrontend/src/components/menu.js: {}
gbdfrontend/src/components/menu.js: Using EditorConfig core...
gbdfrontend/src/components/menu.js: {}
gbdfrontend/src/components/menu.js: Using EditorConfig core...
gbdfrontend/src/components/menu.js: Using EditorConfig core...
gbdfrontend/src/components/menu.js: {}
gbdfrontend/src/components/menu.js: Using EditorConfig core...
gbdfrontend/src/components/menu.js: {}
gbdfrontend/src/components/menu.js: Using EditorConfig core...
gbdfrontend/src/components/menu.js: {}
gbdfrontend/src/components/menu.js: {}
gbdfrontend/src/components/menu.js: {}
gbdfrontend/src/components/menu.js: {}
gbdfrontend/src/components/menu.js: {}
gbdfrontend/src/components/menu.js: {}
gbdfrontend/src/components/menu.js: {}
gbdfrontend/src/pages/home/index.js: {}
gbdfrontend/src/pages/home/index.js: {}
gbdfrontend/src/pages/home/index.js: {}
gbdfrontend/src/pages/home/index.js: {}
gbdfrontend/src/pages/home/index.js: {}
gbdfrontend/src/pages/home/index.js: Using EditorConfig core...
gbdfrontend/src/pages/home/index.js: {}
gbdfrontend/src/pages/home/index.js: {}
gbdfrontend/src/pages/home/index.js: {}
gbdfrontend/src/pages/home/index.js: {}
gbdfrontend/src/pages/home/index.js: {}
gbdfrontend/src/pages/home/index.js: Using EditorConfig core...
gbdfrontend/src/pages/home/index.js: {}
gbdfrontend/src/pages/home/index.js: {}
gbdfrontend/src/components/menu.js: {}
gbdfrontend/src/components/menu.js: {}
gbdfrontend/src/App.js: {}
gbdfrontend/src/App.js: {}
gbdfrontend/src/App.js: {}
gbdfrontend/src/App.js: {}
gbdfrontend/src/components/contReadFIle.js: {}
gbdfrontend/src/components/contReadFIle.js: Using EditorConfig core...
gbdfrontend/src/components/contReadFIle.js: {}
gbdfrontend/src/components/contReadFIle.js: {}
gbdfrontend/src/components/contReadFIle.js: {}
gbdfrontend/src/components/contReadFIle.js: {}
gbdfrontend/src/components/contReadFIle.js: {}
gbdfrontend/src/components/contReadFIle.js: {}
gbdfrontend/src/pages/home/index.js: {}
gbdfrontend/src/components/contReadFIle.js: {}
gbdfrontend/src/pages/home/index.js: {}
gbdfrontend/src/pages/home/index.js: Using EditorConfig core...
gbdfrontend/src/pages/home/index.js: Using EditorConfig core...
gbdfrontend/src/pages/home/index.js: {}
gbdfrontend/src/pages/home/index.js: {}
gbdfrontend/src/components/contReadFIle.js: {}
gbdfrontend/src/components/contReadFIle.js: Using EditorConfig core...
gbdfrontend/src/components/contReadFIle.js: {}
gbdfrontend/src/components/contReadFIle.js: {}
gbdfrontend/src/components/dragdrop.js: {}
gbdfrontend/src/components/dragdrop.js: Using EditorConfig core...
gbdfrontend/src/components/contReadFIle.js: {}
gbdfrontend/src/pages/confMenu/index.js: {}
gbdfrontend/src/pages/confMenu/index.js: Using EditorConfig core...
gbdfrontend/src/pages/confMenu/index.js: Using EditorConfig core...
gbdfrontend/src/components/dragdrop.js: {}
gbdfrontend/src/components/contReadFIle.js: {}
gbdfrontend/src/App.js: {}
gbdfrontend/src/components/contReadFIle.js: {}
gbdfrontend/src/App.js: {}
gbdfrontend/src/components/contReadFIle.js: {}
gbdfrontend/src/App.js: {}
gbdfrontend/src/components/contReadFIle.js: {}
gbdfrontend/src/pages/confMenu/index.js: {}
gbdfrontend/src/components/menu.js: {}
gbdfrontend/src/components/contReadFIle.js: {}
gbdfrontend/src/App.js: {}
gbdfrontend/src/components/contReadFIle.js: {}
gbdfrontend/src/components/contReadFIle.js: Using EditorConfig core...
gbdfrontend/src/pages/home/index.js: {}
gbdfrontend/src/pages/home/index.js: Using EditorConfig core...
gbdfrontend/src/components/contReadFIle.js: {}
gbdfrontend/src/components/contReadFIle.js: Using EditorConfig core...
gbdfrontend/src/components/contReadFIle.js: {}
gbdfrontend/src/pages/home/index.js: {}
gbdfrontend/src/pages/home/index.js: Using EditorConfig core...
gbdfrontend/src/pages/home/index.js: {}
gbdfrontend/src/components/contReadFIle.js: {}
gbdfrontend/src/pages/confMenu/index.js: {}
gbdfrontend/src/components/menu.js: {}
gbdfrontend/src/App.js: {}
gbdfrontend/src/components/contReadFIle.js: {}
gbdfrontend/src/components/contReadFIle.js: Using EditorConfig core...
gbdfrontend/src/components/contReadFIle.js: {}
gbdfrontend/src/components/contReadFIle.js: {}
gbdfrontend/src/components/contReadFIle.js: {}
gbdfrontend/src/components/menu.js: {}
gbdfrontend/src/components/contReadFIle.js: {}
gbdfrontend/src/components/contReadFIle.js: Using EditorConfig core...
gbdfrontend/src/components/contReadFIle.js: {}
gbdfrontend/src/pages/home/index.js: {}
gbdfrontend/src/components/menu.js: {}
gbdfrontend/src/pages/home/index.js: {}
gbdfrontend/src/components/contReadFIle.js: {}
gbdfrontend/src/pages/home/index.js: {}
gbdfrontend/src/components/contReadFIle.js: {}
gbdfrontend/src/components/contReadFIle.js: Using EditorConfig core...
gbdfrontend/src/components/contReadFIle.js: {}
gbdfrontend/src/components/contReadFIle.js: {}
gbdfrontend/src/components/contReadFIle.js: {}
gbdfrontend/src/components/contReadFIle.js: {}
gbdfrontend/src/components/contReadFIle.js: {}
gbdfrontend/src/components/menu.js: {}
gbdfrontend/src/components/dragdrop.js: {}
gbdfrontend/src/components/dragdrop.js: Using EditorConfig core...
gbdfrontend/src/App.css: {}
gbdfrontend/src/App.css: {}
gbdfrontend/src/App.css: {}
gbdfrontend/src/App.css: {}
gbdfrontend/src/App.css: {}
gbdfrontend/src/App.css: Using EditorConfig core...
gbdfrontend/src/App.css: {}
gbdfrontend/src/App.css: {}
gbdfrontend/src/App.css: Using EditorConfig core...
gbdfrontend/src/App.css: {}
gbdfrontend/src/components/contReadFIle.js: {}
gbdfrontend/src/components/dragdrop.js: {}
gbdfrontend/src/components/dragdrop.js: Using EditorConfig core...
gbdfrontend/src/components/dragdrop.js: {}
gbdfrontend/src/components/dragdrop.js: {}
gbdfrontend/src/components/menu.js: {}
gbdfrontend/src/components/contReadFIle.js: {}
gbdfrontend/src/pages/home/index.js: {}
gbdfrontend/src/components/contReadFIle.js: {}
gbdfrontend/src/components/menu.js: {}
gbdfrontend/src/components/dragdrop.js: {}
gbdfrontend/src/App.css: {}
gbdfrontend/src/App.css: {}
gbdfrontend/src/App.css: {}
gbdfrontend/src/App.css: {}
gbdfrontend/src/App.css: {}
gbdfrontend/src/components/contReadFIle.js: {}
gbdfrontend/src/components/contReadFIle.js: {}
gbdfrontend/src/components/dragdrop.js: {}
gbdfrontend/src/components/dragdrop.js: Using EditorConfig core...
gbdfrontend/src/components/contReadFIle.js: {}
gbdfrontend/src/components/contReadFIle.js: Using EditorConfig core...
gbdfrontend/src/components/contReadFIle.js: {}
gbdfrontend/src/components/contReadFIle.js: {}
gbdfrontend/src/pages/home/index.js: {}
gbdfrontend/src/App.css: {}
gbdfrontend/src/App.css: Using EditorConfig core...
gbdfrontend/src/App.css: {}
gbdfrontend/src/App.css: {}
gbdfrontend/src/App.css: Using EditorConfig core...
gbdfrontend/src/App.css: {}
gbdfrontend/src/App.css: Using EditorConfig core...
gbdfrontend/src/App.css: {}
gbdfrontend/src/App.css: Using EditorConfig core...
gbdfrontend/src/App.css: {}
gbdfrontend/src/App.css: Using EditorConfig core...
gbdfrontend/src/App.css: {}
gbdfrontend/src/App.css: Using EditorConfig core...
gbdfrontend/src/App.css: {}
gbdfrontend/src/App.css: Using EditorConfig core...
gbdfrontend/src/App.css: {}
gbdfrontend/src/App.css: {}
gbdfrontend/src/App.css: {}
gbdfrontend/src/App.css: Using EditorConfig core...
gbdfrontend/src/App.css: {}
gbdfrontend/src/App.css: Using EditorConfig core...
gbdfrontend/src/App.css: {}
gbdfrontend/src/App.css: {}
gbdfrontend/src/App.css: {}
gbdfrontend/src/App.css: {}
gbdfrontend/src/App.css: {}
gbdfrontend/src/App.css: {}
gbdfrontend/src/App.css: {}
gbdfrontend/src/App.css: {}
gbdfrontend/src/App.css: Using EditorConfig core...
gbdfrontend/src/components/contReadFIle.js: {}
gbdfrontend/src/pages/home/index.js: {}
gbdfrontend/src/components/contReadFIle.js: {}
gbdfrontend/src/pages/home/index.js: {}
gbdfrontend/src/components/contReadFIle.js: {}
gbdfrontend/src/components/contReadFIle.js: {}
gbdfrontend/src/components/contReadFIle.js: {}
gbdfrontend/src/components/contReadFIle.js: {}
gbdfrontend/src/components/contReadFIle.js: {}
gbdfrontend/src/components/contReadFIle.js: {}
gbdfrontend/src/components/contReadFIle.js: {}
gbdfrontend/src/components/tituloapp.js: {}
gbdfrontend/src/components/tituloapp.js: Using EditorConfig core...
gbdfrontend/src/components/tituloapp.js: {}
gbdfrontend/src/components/contReadFIle.js: {}
gbdfrontend/src/components/tituloapp.js: {}
gbdfrontend/src/components/contReadFIle.js: {}
gbdfrontend/src/components/tituloapp.js: {}
gbdfrontend/src/components/tituloapp.js: {}
gbdfrontend/src/components/tituloapp.js: {}
gbdfrontend/src/components/tituloapp.js: Using EditorConfig core...
gbdfrontend/src/components/tituloapp.js: {}
gbdfrontend/src/components/tituloapp.js: Using EditorConfig core...
gbdfrontend/src/components/contReadFIle.js: {}
gbdfrontend/src/components/tituloapp.js: {}
gbdfrontend/src/components/menu.js: {}
gbdfrontend/src/components/contReadFIle.js: {}
gbdfrontend/src/pages/home/index.js: {}
gbdfrontend/src/components/tituloapp.js: {}
gbdfrontend/src/components/tituloapp.js: Using EditorConfig core...
gbdfrontend/src/components/contReadFIle.js: {}
gbdfrontend/src/components/contReadFIle.js: Using EditorConfig core...
gbdfrontend/src/components/contReadFIle.js: {}
gbdfrontend/src/components/contReadFIle.js: {}
gbdfrontend/src/App.css: {}
gbdfrontend/src/components/contReadFIle.js: {}
gbdfrontend/src/components/tituloapp.js: {}
gbdfrontend/src/components/menu.js: {}
gbdfrontend/src/components/tituloapp.js: {}
gbdfrontend/src/components/tituloapp.js: Using EditorConfig core...
gbdfrontend/src/components/tituloapp.js: Using EditorConfig core...
gbdfrontend/src/components/tituloapp.js: Using EditorConfig core...
gbdfrontend/src/components/tituloapp.js: {}
gbdfrontend/src/components/tituloapp.js: {}
gbdfrontend/src/components/tituloapp.js: {}
gbdfrontend/src/components/tituloapp.js: {}
gbdfrontend/src/components/tituloapp.js: Using EditorConfig core...
gbdfrontend/src/components/tituloapp.js: {}
gbdfrontend/src/components/tituloapp.js: {}
gbdfrontend/src/components/tituloapp.js: Using EditorConfig core...
gbdfrontend/src/components/tituloapp.js: {}
gbdfrontend/src/components/tituloapp.js: Using EditorConfig core...
gbdfrontend/src/components/tituloapp.js: {}
gbdfrontend/src/components/tituloapp.js: {}
gbdfrontend/src/components/tituloapp.js: {}
gbdfrontend/src/components/tituloapp.js: {}
gbdfrontend/src/components/dragdrop.js: {}
gbdfrontend/src/components/menu.js: {}
gbdfrontend/src/components/tituloapp.js: {}
gbdfrontend/src/components/dragdrop.js: {}
gbdfrontend/src/components/menu.js: {}
gbdfrontend/src/components/tituloapp.js: {}
gbdfrontend/src/components/contReadFIle.js: {}
gbdfrontend/src/components/dragdrop.js: {}
gbdfrontend/src/components/dragdrop.js: Using EditorConfig core...
gbdfrontend/src/components/tituloapp.js: {}
gbdfrontend/src/components/contReadFIle.js: {}
gbdfrontend/src/components/tituloapp.js: {}
gbdfrontend/src/components/dragdrop.js: {}
gbdfrontend/src/components/dragdrop.js: Using EditorConfig core...
gbdfrontend/src/components/dragdrop.js: {}
gbdfrontend/src/components/dragdrop.js: Using EditorConfig core...
gbdfrontend/src/components/dragdrop.js: {}
gbdfrontend/src/components/dragdrop.js: {}
gbdfrontend/src/components/dragdrop.js: {}
gbdfrontend/src/components/dragdrop.js: {}
gbdfrontend/src/components/dragdrop.js: {}
gbdfrontend/src/components/dragdrop.js: {}
gbdfrontend/src/components/dragdrop.js: {}
gbdfrontend/src/components/dragdrop.js: {}
gbdfrontend/src/components/dragdrop.js: {}
gbdfrontend/src/components/dragdrop.js: {}
gbdfrontend/src/components/dragdrop.js: {}
gbdfrontend/src/components/dragdrop.js: {}
gbdfrontend/src/components/dragdrop.js: {}
gbdfrontend/src/components/dragdrop.js: {}
gbdfrontend/src/components/dragdrop.js: {}
gbdfrontend/src/components/dragdrop.js: {}
gbdfrontend/src/components/dragdrop.js: {}
gbdfrontend/src/components/dragdrop.js: {}
gbdfrontend/src/components/dragdrop.js: {}
gbdfrontend/src/components/dragdrop.js: {}
gbdfrontend/src/components/dragdrop.js: {}
gbdfrontend/src/components/dragdrop.js: {}
gbdfrontend/src/components/dragdrop.js: Using EditorConfig core...
gbdfrontend/src/components/dragdrop.js: {}
gbdfrontend/src/components/dragdrop.js: Using EditorConfig core...
gbdfrontend/src/components/dragdrop.js: {}
gbdfrontend/src/components/dragdrop.js: Using EditorConfig core...
gbdfrontend/src/components/dragdrop.js: {}
gbdfrontend/src/components/dragdrop.js: {}
gbdfrontend/src/components/dragdrop.js: Using EditorConfig core...
gbdfrontend/src/components/dragdrop.js: {}
gbdfrontend/src/components/dragdrop.js: {}
gbdfrontend/src/components/dragdrop.js: {}
gbdfrontend/src/components/dragdrop.js: {}
gbdfrontend/src/components/dragdrop.js: {}
gbdfrontend/src/components/dragdrop.js: {}
gbdfrontend/src/components/dragdrop.js: Using EditorConfig core...
gbdfrontend/src/components/dragdrop.js: {}
gbdfrontend/src/components/dragdrop.js: {}
gbdfrontend/src/components/dragdrop.js: Using EditorConfig core...
gbdfrontend/src/components/dragdrop.js: {}
gbdfrontend/src/components/dragdrop.js: {}
gbdfrontend/src/components/dragdrop.js: {}
gbdfrontend/src/components/dragdrop.js: {}
gbdfrontend/src/components/dragdrop.js: {}
gbdfrontend/src/components/dragdrop.js: {}
gbdfrontend/src/components/dragdrop.js: {}
gbdfrontend/src/components/dragdrop.js: {}
gbdfrontend/src/components/dragdrop.js: {}
gbdfrontend/src/components/dragdrop.js: {}
gbdfrontend/src/components/dragdrop.js: {}
gbdfrontend/src/App.css: {}
gbdfrontend/src/components/dragdrop.js: {}
gbdfrontend/src/components/menu.js: {}
gbdfrontend/src/components/tituloapp.js: {}
gbdfrontend/src/components/tituloapp.js: {}
gbdfrontend/src/components/dragdrop.js: {}
gbdfrontend/src/components/contReadFIle.js: {}
gbdfrontend/src/pages/home/index.js: {}
gbdfrontend/src/components/tituloapp.js: {}
gbdfrontend/src/components/contReadFIle.js: {}
gbdfrontend/src/components/contReadFIle.js: Using EditorConfig core...
gbdfrontend/src/components/tituloapp.js: {}
gbdfrontend/src/components/dragdrop.js: {}
gbdfrontend/src/components/dragdrop.js: Using EditorConfig core...
gbdfrontend/src/components/dragdrop.js: {}
gbdfrontend/src/components/dragdrop.js: {}
gbdfrontend/src/components/dragdrop.js: {}
gbdfrontend/src/components/dragdrop.js: Using EditorConfig core...
gbdfrontend/src/components/dragdrop.js: {}
gbdfrontend/src/components/dragdrop.js: Using EditorConfig core...
gbdfrontend/src/components/dragdrop.js: {}
gbdfrontend/src/components/dragdrop.js: {}
gbdfrontend/src/components/dragdrop.js: {}
gbdfrontend/src/components/dragdrop.js: {}
gbdfrontend/src/components/dragdrop.js: {}
gbdfrontend/src/components/dragdrop.js: {}
gbdfrontend/src/components/dragdrop.js: {}
gbdfrontend/src/components/dragdrop.js: {}
gbdfrontend/src/components/dragdrop.js: {}
gbdfrontend/src/components/dragdrop.js: {}
gbdfrontend/node_modules/react-drag-drop-files/dist/react-drag-drop-files.d.ts: {}
gbdfrontend/src/components/dragdrop.js: {}
gbdfrontend/src/components/dragdrop.js: {}
gbdfrontend/src/components/dragdrop.js: {}
gbdfrontend/src/components/dragdrop.js: {}
gbdfrontend/src/components/dragdrop.js: {}
gbdfrontend/src/components/dragdrop.js: {}
gbdfrontend/src/components/dragdrop.js: {}
gbdfrontend/src/components/dragdrop.js: {}
gbdfrontend/src/components/dragdrop.js: {}
gbdfrontend/src/components/dragdrop.js: {}
gbdfrontend/src/components/dragdrop.js: {}
gbdfrontend/src/components/dragdrop.js: {}
gbdfrontend/src/components/dragdrop.js: {}
